  stdafx.cpp
  yen.cpp
i:\backup\pietras\visual studio projects\yen\yen\yen\component.h(38): warning C4018: '<': signed/unsigned mismatch
  World.cpp
  Time.cpp
  StringResource.cpp
  SettingsManager.cpp
i:\backup\pietras\visual studio projects\yen\yen\yen\component.h(38): warning C4018: '<': signed/unsigned mismatch
  SceneManager.cpp
i:\backup\pietras\visual studio projects\yen\yen\yen\component.h(38): warning C4018: '<': signed/unsigned mismatch
i:\backup\pietras\visual studio projects\yen\yen\yen\scenemanager.cpp(105): warning C4018: '<': signed/unsigned mismatch
  Scene.cpp
i:\backup\pietras\visual studio projects\yen\yen\yen\component.h(38): warning C4018: '<': signed/unsigned mismatch
i:\backup\pietras\visual studio projects\yen\yen\yen\scene.cpp(118): warning C4018: '<': signed/unsigned mismatch
  ResourceManager.cpp
  PhysicsEngine.cpp
  PhysicsComponent.cpp
i:\backup\pietras\visual studio projects\yen\yen\yen\component.h(38): warning C4018: '<': signed/unsigned mismatch
  ObjectsManager.cpp
i:\backup\pietras\visual studio projects\yen\yen\yen\component.h(38): warning C4018: '<': signed/unsigned mismatch
i:\backup\pietras\visual studio projects\yen\yen\yen\objectsmanager.cpp(69): warning C4018: '<': signed/unsigned mismatch
i:\backup\pietras\visual studio projects\yen\yen\yen\objectsmanager.cpp(79): warning C4018: '<': signed/unsigned mismatch
  ObjectAccessInterface.cpp
  Object.cpp
i:\backup\pietras\visual studio projects\yen\yen\yen\component.h(38): warning C4018: '<': signed/unsigned mismatch
i:\backup\pietras\visual studio projects\yen\yen\yen\object.cpp(58): warning C4018: '<': signed/unsigned mismatch
i:\backup\pietras\visual studio projects\yen\yen\yen\object.cpp(69): warning C4018: '<': signed/unsigned mismatch
i:\backup\pietras\visual studio projects\yen\yen\yen\object.cpp(78): warning C4018: '<': signed/unsigned mismatch
i:\backup\pietras\visual studio projects\yen\yen\yen\object.cpp(90): warning C4018: '<': signed/unsigned mismatch
i:\backup\pietras\visual studio projects\yen\yen\yen\object.cpp(100): warning C4018: '<': signed/unsigned mismatch
i:\backup\pietras\visual studio projects\yen\yen\yen\object.cpp(136): warning C4018: '<': signed/unsigned mismatch
i:\backup\pietras\visual studio projects\yen\yen\yen\object.cpp(166): warning C4018: '<': signed/unsigned mismatch
  MoveComponent.cpp
i:\backup\pietras\visual studio projects\yen\yen\yen\component.h(38): warning C4018: '<': signed/unsigned mismatch
  Manager.cpp
i:\backup\pietras\visual studio projects\yen\yen\yen\manager.cpp(8): warning C4018: '<': signed/unsigned mismatch
  Logger.cpp
i:\backup\pietras\visual studio projects\yen\yen\yen\logger.cpp(121): warning C4996: 'localtime': This function or variable may be unsafe. Consider using localtime_s instead. To disable deprecation, use _CRT_SECURE_NO_WARNINGS. See online help for details.
  c:\program files (x86)\windows kits\10\include\10.0.15063.0\ucrt\time.h(505): note: see declaration of 'localtime'
i:\backup\pietras\visual studio projects\yen\yen\yen\logger.cpp(123): warning C4996: 'asctime': This function or variable may be unsafe. Consider using asctime_s instead. To disable deprecation, use _CRT_SECURE_NO_WARNINGS. See online help for details.
  c:\program files (x86)\windows kits\10\include\10.0.15063.0\ucrt\time.h(116): note: see declaration of 'asctime'
  Language.cpp
  LangString.cpp
  Keys.cpp
  KeyboardInput.cpp
  Generating Code...
  Compiling...
  InputManager.cpp
  Input.cpp
  IdSetter.cpp
  Id.cpp
  GraphicsEngine.cpp
i:\backup\pietras\visual studio projects\yen\yen\yen\component.h(38): warning C4018: '<': signed/unsigned mismatch
  GraphicsComponent.cpp
i:\backup\pietras\visual studio projects\yen\yen\yen\component.h(38): warning C4018: '<': signed/unsigned mismatch
  Frame.cpp
  FileSystem.cpp
  Engine.cpp
i:\backup\pietras\visual studio projects\yen\yen\yen\component.h(38): warning C4018: '<': signed/unsigned mismatch
  CameraComponent.cpp
i:\backup\pietras\visual studio projects\yen\yen\yen\component.h(38): warning C4018: '<': signed/unsigned mismatch
  AnimationResource.cpp
  AnimationManager.cpp
  Animation.cpp
  Generating Code...
i:\backup\pietras\visual studio projects\yen\yen\yen\inputmanager.cpp(38): warning C4715: 'yen::InputManager::removeInput': not all control paths return a value
  yen.vcxproj -> I:\Backup\Pietras\Visual Studio Projects\yen\yen\Debug\yen.exe
  yen.vcxproj -> I:\Backup\Pietras\Visual Studio Projects\yen\yen\Debug\yen.pdb (Partial PDB)
