i:\backup\pietras\visual studio projects\yen\yen\yen\debug\yen.pch
i:\backup\pietras\visual studio projects\yen\yen\yen\debug\vc141.pdb
i:\backup\pietras\visual studio projects\yen\yen\yen\debug\vc141.idb
i:\backup\pietras\visual studio projects\yen\yen\yen\debug\stdafx.obj
i:\backup\pietras\visual studio projects\yen\yen\yen\debug\idsetter.obj
i:\backup\pietras\visual studio projects\yen\yen\yen\debug\input.obj
i:\backup\pietras\visual studio projects\yen\yen\yen\debug\inputmanager.obj
i:\backup\pietras\visual studio projects\yen\yen\yen\debug\keyboardinput.obj
i:\backup\pietras\visual studio projects\yen\yen\yen\debug\keys.obj
i:\backup\pietras\visual studio projects\yen\yen\yen\debug\logger.obj
i:\backup\pietras\visual studio projects\yen\yen\yen\debug\manager.obj
i:\backup\pietras\visual studio projects\yen\yen\yen\debug\movecomponent.obj
i:\backup\pietras\visual studio projects\yen\yen\yen\debug\object.obj
i:\backup\pietras\visual studio projects\yen\yen\yen\debug\objectaccessinterface.obj
i:\backup\pietras\visual studio projects\yen\yen\yen\debug\objectsmanager.obj
i:\backup\pietras\visual studio projects\yen\yen\yen\debug\physicscomponent.obj
i:\backup\pietras\visual studio projects\yen\yen\yen\debug\physicsengine.obj
i:\backup\pietras\visual studio projects\yen\yen\yen\debug\resourcemanager.obj
i:\backup\pietras\visual studio projects\yen\yen\yen\debug\scene.obj
i:\backup\pietras\visual studio projects\yen\yen\yen\debug\settingsmanager.obj
i:\backup\pietras\visual studio projects\yen\yen\yen\debug\time.obj
i:\backup\pietras\visual studio projects\yen\yen\yen\debug\world.obj
i:\backup\pietras\visual studio projects\yen\yen\yen\debug\yen.obj
i:\backup\pietras\visual studio projects\yen\yen\yen\debug\animation.obj
i:\backup\pietras\visual studio projects\yen\yen\yen\debug\animationresource.obj
i:\backup\pietras\visual studio projects\yen\yen\yen\debug\cameracomponent.obj
i:\backup\pietras\visual studio projects\yen\yen\yen\debug\engine.obj
i:\backup\pietras\visual studio projects\yen\yen\yen\debug\filesystem.obj
i:\backup\pietras\visual studio projects\yen\yen\yen\debug\frame.obj
i:\backup\pietras\visual studio projects\yen\yen\yen\debug\graphicscomponent.obj
i:\backup\pietras\visual studio projects\yen\yen\yen\debug\graphicsengine.obj
i:\backup\pietras\visual studio projects\yen\yen\yen\debug\id.obj
i:\backup\pietras\visual studio projects\yen\yen\yen\debug\yen.tlog\cl.command.1.tlog
i:\backup\pietras\visual studio projects\yen\yen\yen\debug\yen.tlog\cl.read.1.tlog
i:\backup\pietras\visual studio projects\yen\yen\yen\debug\yen.tlog\cl.write.1.tlog
